<?xml version="1.0" encoding="UTF-8"?>
<!-- Generated by org.testng.reporters.JUnitReportReporter -->
<testsuite skipped="0" hostname="SVRODK00076" name="PracticeTest.DemoQaTest.HomePageTest" tests="2" failures="0" timestamp="02 Aug 2018 13:19:41 GMT" time="0.050" errors="0">
  <testcase name="checknavBar" time="0.022" classname="PracticeTest.DemoQaTest.HomePageTest"/>
  <testcase name="checHomePage" time="0.028" classname="PracticeTest.DemoQaTest.HomePageTest"/>
</testsuite> <!-- PracticeTest.DemoQaTest.HomePageTest -->
