<?xml version="1.0" encoding="UTF-8"?>
<!-- Generated by org.testng.reporters.JUnitReportReporter -->
<testsuite skipped="0" hostname="SVRODK00076" name="PracticeTest.DemoQaTest.DemoTextTest" tests="1" failures="0" timestamp="02 Aug 2018 14:06:37 GMT" time="3.028" errors="0">
  <testcase name="demoTextIsDisplayed" time="3.028" classname="PracticeTest.DemoQaTest.DemoTextTest"/>
</testsuite> <!-- PracticeTest.DemoQaTest.DemoTextTest -->
